c:\users\ben\documents\github\bhsfml\bhsfml\bhsfml\sfml\src\sfml\system\sfml-system.dir\release\threadlocalimpl.obj
c:\users\ben\documents\github\bhsfml\bhsfml\bhsfml\sfml\src\sfml\system\sfml-system.dir\release\threadimpl.obj
c:\users\ben\documents\github\bhsfml\bhsfml\bhsfml\sfml\src\sfml\system\sfml-system.dir\release\sleepimpl.obj
c:\users\ben\documents\github\bhsfml\bhsfml\bhsfml\sfml\src\sfml\system\sfml-system.dir\release\muteximpl.obj
c:\users\ben\documents\github\bhsfml\bhsfml\bhsfml\sfml\src\sfml\system\sfml-system.dir\release\clockimpl.obj
c:\users\ben\documents\github\bhsfml\bhsfml\bhsfml\sfml\src\sfml\system\sfml-system.dir\release\time.obj
c:\users\ben\documents\github\bhsfml\bhsfml\bhsfml\sfml\src\sfml\system\sfml-system.dir\release\threadlocal.obj
c:\users\ben\documents\github\bhsfml\bhsfml\bhsfml\sfml\src\sfml\system\sfml-system.dir\release\thread.obj
c:\users\ben\documents\github\bhsfml\bhsfml\bhsfml\sfml\src\sfml\system\sfml-system.dir\release\string.obj
c:\users\ben\documents\github\bhsfml\bhsfml\bhsfml\sfml\src\sfml\system\sfml-system.dir\release\sleep.obj
c:\users\ben\documents\github\bhsfml\bhsfml\bhsfml\sfml\src\sfml\system\sfml-system.dir\release\mutex.obj
c:\users\ben\documents\github\bhsfml\bhsfml\bhsfml\sfml\src\sfml\system\sfml-system.dir\release\lock.obj
c:\users\ben\documents\github\bhsfml\bhsfml\bhsfml\sfml\src\sfml\system\sfml-system.dir\release\err.obj
c:\users\ben\documents\github\bhsfml\bhsfml\bhsfml\sfml\src\sfml\system\sfml-system.dir\release\clock.obj
c:\users\ben\documents\github\bhsfml\bhsfml\bhsfml\sfml\src\sfml\system\cmakefiles\generate.stamp
c:\users\ben\documents\github\bhsfml\bhsfml\bhsfml\sfml\lib\release\sfml-system-s.lib
c:\users\ben\documents\github\bhsfml\bhsfml\bhsfml\sfml\src\sfml\system\sfml-system.dir\release\sfml-system.tlog\cl.command.1.tlog
c:\users\ben\documents\github\bhsfml\bhsfml\bhsfml\sfml\src\sfml\system\sfml-system.dir\release\sfml-system.tlog\cl.read.1.tlog
c:\users\ben\documents\github\bhsfml\bhsfml\bhsfml\sfml\src\sfml\system\sfml-system.dir\release\sfml-system.tlog\cl.write.1.tlog
c:\users\ben\documents\github\bhsfml\bhsfml\bhsfml\sfml\src\sfml\system\sfml-system.dir\release\sfml-system.tlog\custombuild.command.1.tlog
c:\users\ben\documents\github\bhsfml\bhsfml\bhsfml\sfml\src\sfml\system\sfml-system.dir\release\sfml-system.tlog\custombuild.read.1.tlog
c:\users\ben\documents\github\bhsfml\bhsfml\bhsfml\sfml\src\sfml\system\sfml-system.dir\release\sfml-system.tlog\custombuild.write.1.tlog
c:\users\ben\documents\github\bhsfml\bhsfml\bhsfml\sfml\src\sfml\system\sfml-system.dir\release\sfml-system.tlog\lib-link.read.1.tlog
c:\users\ben\documents\github\bhsfml\bhsfml\bhsfml\sfml\src\sfml\system\sfml-system.dir\release\sfml-system.tlog\lib-link.write.1.tlog
c:\users\ben\documents\github\bhsfml\bhsfml\bhsfml\sfml\src\sfml\system\sfml-system.dir\release\sfml-system.tlog\lib.command.1.tlog
