c:\users\ben\documents\github\b2dsfml\b2dsfml\debug\b2dsfml.pch
c:\users\ben\documents\github\b2dsfml\b2dsfml\debug\vc120.pdb
c:\users\ben\documents\github\b2dsfml\b2dsfml\debug\vc120.idb
c:\users\ben\documents\github\b2dsfml\b2dsfml\debug\stdafx.obj
c:\users\ben\documents\github\b2dsfml\b2dsfml\debug\b2dsfml.obj
c:\users\ben\documents\github\b2dsfml\b2dsfml\debug\debugdraw.obj
c:\users\ben\documents\github\b2dsfml\b2dsfml\debug\objectbase.obj
c:\users\ben\documents\github\b2dsfml\b2dsfml\debug\texturedata.obj
c:\users\ben\documents\github\b2dsfml\b2dsfml\debug\texturemanager.obj
c:\users\ben\documents\github\b2dsfml\b2dsfml\debug\windowmanager.obj
c:\users\ben\documents\github\b2dsfml\b2dsfml\debug\world.obj
c:\users\ben\documents\github\b2dsfml\bin\b2dsfml.ilk
c:\users\ben\documents\github\b2dsfml\bin\b2dsfml.exe
c:\users\ben\documents\github\b2dsfml\bin\b2dsfml.pdb
c:\users\ben\documents\github\b2dsfml\b2dsfml\debug\b2dsfml.tlog\cl.command.1.tlog
c:\users\ben\documents\github\b2dsfml\b2dsfml\debug\b2dsfml.tlog\cl.read.1.tlog
c:\users\ben\documents\github\b2dsfml\b2dsfml\debug\b2dsfml.tlog\cl.write.1.tlog
c:\users\ben\documents\github\b2dsfml\b2dsfml\debug\b2dsfml.tlog\link.command.1.tlog
c:\users\ben\documents\github\b2dsfml\b2dsfml\debug\b2dsfml.tlog\link.read.1.tlog
c:\users\ben\documents\github\b2dsfml\b2dsfml\debug\b2dsfml.tlog\link.write.1.tlog
