c:\users\ben\documents\github\bhsfml\bhsfml\bhsfml\sfml\src\sfml\network\sfml-network.dir\release\socketimpl.obj
c:\users\ben\documents\github\bhsfml\bhsfml\bhsfml\sfml\src\sfml\network\sfml-network.dir\release\udpsocket.obj
c:\users\ben\documents\github\bhsfml\bhsfml\bhsfml\sfml\src\sfml\network\sfml-network.dir\release\tcpsocket.obj
c:\users\ben\documents\github\bhsfml\bhsfml\bhsfml\sfml\src\sfml\network\sfml-network.dir\release\tcplistener.obj
c:\users\ben\documents\github\bhsfml\bhsfml\bhsfml\sfml\src\sfml\network\sfml-network.dir\release\socketselector.obj
c:\users\ben\documents\github\bhsfml\bhsfml\bhsfml\sfml\src\sfml\network\sfml-network.dir\release\socket.obj
c:\users\ben\documents\github\bhsfml\bhsfml\bhsfml\sfml\src\sfml\network\sfml-network.dir\release\packet.obj
c:\users\ben\documents\github\bhsfml\bhsfml\bhsfml\sfml\src\sfml\network\sfml-network.dir\release\ipaddress.obj
c:\users\ben\documents\github\bhsfml\bhsfml\bhsfml\sfml\src\sfml\network\sfml-network.dir\release\http.obj
c:\users\ben\documents\github\bhsfml\bhsfml\bhsfml\sfml\src\sfml\network\sfml-network.dir\release\ftp.obj
c:\users\ben\documents\github\bhsfml\bhsfml\bhsfml\sfml\src\sfml\network\cmakefiles\generate.stamp
c:\users\ben\documents\github\bhsfml\bhsfml\bhsfml\sfml\src\sfml\network\sfml-network.dir\release\sfml-network.vcxprojresolveassemblyreference.cache
c:\users\ben\documents\github\bhsfml\bhsfml\bhsfml\sfml\src\sfml\network\sfml-network.dir\release\sfml-network.tlog\cl.command.1.tlog
c:\users\ben\documents\github\bhsfml\bhsfml\bhsfml\sfml\src\sfml\network\sfml-network.dir\release\sfml-network.tlog\cl.read.1.tlog
c:\users\ben\documents\github\bhsfml\bhsfml\bhsfml\sfml\src\sfml\network\sfml-network.dir\release\sfml-network.tlog\cl.write.1.tlog
c:\users\ben\documents\github\bhsfml\bhsfml\bhsfml\sfml\src\sfml\network\sfml-network.dir\release\sfml-network.tlog\custombuild.command.1.tlog
c:\users\ben\documents\github\bhsfml\bhsfml\bhsfml\sfml\src\sfml\network\sfml-network.dir\release\sfml-network.tlog\custombuild.read.1.tlog
c:\users\ben\documents\github\bhsfml\bhsfml\bhsfml\sfml\src\sfml\network\sfml-network.dir\release\sfml-network.tlog\custombuild.write.1.tlog
c:\users\ben\documents\github\bhsfml\bhsfml\bhsfml\sfml\src\sfml\network\sfml-network.dir\release\sfml-network.tlog\lib-link.read.1.tlog
c:\users\ben\documents\github\bhsfml\bhsfml\bhsfml\sfml\src\sfml\network\sfml-network.dir\release\sfml-network.tlog\lib-link.write.1.tlog
c:\users\ben\documents\github\bhsfml\bhsfml\bhsfml\sfml\src\sfml\network\sfml-network.dir\release\sfml-network.tlog\lib.command.1.tlog
