c:\users\ben\documents\github\bhsfml\bhsfml\bhsfml\sfml\src\sfml\window\sfml-window.dir\debug\vc120.pdb
c:\users\ben\documents\github\bhsfml\bhsfml\bhsfml\sfml\src\sfml\window\sfml-window.dir\debug\windowimplwin32.obj
c:\users\ben\documents\github\bhsfml\bhsfml\bhsfml\sfml\src\sfml\window\sfml-window.dir\debug\videomodeimpl.obj
c:\users\ben\documents\github\bhsfml\bhsfml\bhsfml\sfml\src\sfml\window\sfml-window.dir\debug\joystickimpl.obj
c:\users\ben\documents\github\bhsfml\bhsfml\bhsfml\sfml\src\sfml\window\sfml-window.dir\debug\inputimpl.obj
c:\users\ben\documents\github\bhsfml\bhsfml\bhsfml\sfml\src\sfml\window\sfml-window.dir\debug\wglcontext.obj
c:\users\ben\documents\github\bhsfml\bhsfml\bhsfml\sfml\src\sfml\window\sfml-window.dir\debug\windowimpl.obj
c:\users\ben\documents\github\bhsfml\bhsfml\bhsfml\sfml\src\sfml\window\sfml-window.dir\debug\window.obj
c:\users\ben\documents\github\bhsfml\bhsfml\bhsfml\sfml\src\sfml\window\sfml-window.dir\debug\videomode.obj
c:\users\ben\documents\github\bhsfml\bhsfml\bhsfml\sfml\src\sfml\window\sfml-window.dir\debug\mouse.obj
c:\users\ben\documents\github\bhsfml\bhsfml\bhsfml\sfml\src\sfml\window\sfml-window.dir\debug\keyboard.obj
c:\users\ben\documents\github\bhsfml\bhsfml\bhsfml\sfml\src\sfml\window\sfml-window.dir\debug\joystickmanager.obj
c:\users\ben\documents\github\bhsfml\bhsfml\bhsfml\sfml\src\sfml\window\sfml-window.dir\debug\joystick.obj
c:\users\ben\documents\github\bhsfml\bhsfml\bhsfml\sfml\src\sfml\window\sfml-window.dir\debug\glresource.obj
c:\users\ben\documents\github\bhsfml\bhsfml\bhsfml\sfml\src\sfml\window\sfml-window.dir\debug\glcontext.obj
c:\users\ben\documents\github\bhsfml\bhsfml\bhsfml\sfml\src\sfml\window\sfml-window.dir\debug\context.obj
c:\users\ben\documents\github\bhsfml\bhsfml\bhsfml\sfml\src\sfml\window\cmakefiles\generate.stamp
c:\users\ben\documents\github\bhsfml\bhsfml\bhsfml\sfml\src\sfml\window\sfml-window.dir\debug\sfml-window.vcxprojresolveassemblyreference.cache
c:\users\ben\documents\github\bhsfml\bhsfml\bhsfml\sfml\src\sfml\window\sfml-window.dir\debug\sfml-window.tlog\cl.command.1.tlog
c:\users\ben\documents\github\bhsfml\bhsfml\bhsfml\sfml\src\sfml\window\sfml-window.dir\debug\sfml-window.tlog\cl.read.1.tlog
c:\users\ben\documents\github\bhsfml\bhsfml\bhsfml\sfml\src\sfml\window\sfml-window.dir\debug\sfml-window.tlog\cl.write.1.tlog
c:\users\ben\documents\github\bhsfml\bhsfml\bhsfml\sfml\src\sfml\window\sfml-window.dir\debug\sfml-window.tlog\custombuild.command.1.tlog
c:\users\ben\documents\github\bhsfml\bhsfml\bhsfml\sfml\src\sfml\window\sfml-window.dir\debug\sfml-window.tlog\custombuild.read.1.tlog
c:\users\ben\documents\github\bhsfml\bhsfml\bhsfml\sfml\src\sfml\window\sfml-window.dir\debug\sfml-window.tlog\custombuild.write.1.tlog
c:\users\ben\documents\github\bhsfml\bhsfml\bhsfml\sfml\src\sfml\window\sfml-window.dir\debug\sfml-window.tlog\lib-link.read.1.tlog
c:\users\ben\documents\github\bhsfml\bhsfml\bhsfml\sfml\src\sfml\window\sfml-window.dir\debug\sfml-window.tlog\lib-link.write.1.tlog
c:\users\ben\documents\github\bhsfml\bhsfml\bhsfml\sfml\src\sfml\window\sfml-window.dir\debug\sfml-window.tlog\lib.command.1.tlog
