c:\users\ben\documents\github\bhsfml\bhsfml\bhsfml\sfml\src\sfml\network\sfml-network.dir\debug\vc120.pdb
c:\users\ben\documents\github\bhsfml\bhsfml\bhsfml\sfml\src\sfml\network\sfml-network.dir\debug\socketimpl.obj
c:\users\ben\documents\github\bhsfml\bhsfml\bhsfml\sfml\src\sfml\network\sfml-network.dir\debug\udpsocket.obj
c:\users\ben\documents\github\bhsfml\bhsfml\bhsfml\sfml\src\sfml\network\sfml-network.dir\debug\tcpsocket.obj
c:\users\ben\documents\github\bhsfml\bhsfml\bhsfml\sfml\src\sfml\network\sfml-network.dir\debug\tcplistener.obj
c:\users\ben\documents\github\bhsfml\bhsfml\bhsfml\sfml\src\sfml\network\sfml-network.dir\debug\socketselector.obj
c:\users\ben\documents\github\bhsfml\bhsfml\bhsfml\sfml\src\sfml\network\sfml-network.dir\debug\socket.obj
c:\users\ben\documents\github\bhsfml\bhsfml\bhsfml\sfml\src\sfml\network\sfml-network.dir\debug\packet.obj
c:\users\ben\documents\github\bhsfml\bhsfml\bhsfml\sfml\src\sfml\network\sfml-network.dir\debug\ipaddress.obj
c:\users\ben\documents\github\bhsfml\bhsfml\bhsfml\sfml\src\sfml\network\sfml-network.dir\debug\http.obj
c:\users\ben\documents\github\bhsfml\bhsfml\bhsfml\sfml\src\sfml\network\sfml-network.dir\debug\ftp.obj
c:\users\ben\documents\github\bhsfml\bhsfml\bhsfml\sfml\src\sfml\network\cmakefiles\generate.stamp
c:\users\ben\documents\github\bhsfml\bhsfml\bhsfml\sfml\lib\debug\sfml-network-s-d.lib
c:\users\ben\documents\github\bhsfml\bhsfml\bhsfml\sfml\src\sfml\network\sfml-network.dir\debug\sfml-network.tlog\cl.command.1.tlog
c:\users\ben\documents\github\bhsfml\bhsfml\bhsfml\sfml\src\sfml\network\sfml-network.dir\debug\sfml-network.tlog\cl.read.1.tlog
c:\users\ben\documents\github\bhsfml\bhsfml\bhsfml\sfml\src\sfml\network\sfml-network.dir\debug\sfml-network.tlog\cl.write.1.tlog
c:\users\ben\documents\github\bhsfml\bhsfml\bhsfml\sfml\src\sfml\network\sfml-network.dir\debug\sfml-network.tlog\custombuild.command.1.tlog
c:\users\ben\documents\github\bhsfml\bhsfml\bhsfml\sfml\src\sfml\network\sfml-network.dir\debug\sfml-network.tlog\custombuild.read.1.tlog
c:\users\ben\documents\github\bhsfml\bhsfml\bhsfml\sfml\src\sfml\network\sfml-network.dir\debug\sfml-network.tlog\custombuild.write.1.tlog
c:\users\ben\documents\github\bhsfml\bhsfml\bhsfml\sfml\src\sfml\network\sfml-network.dir\debug\sfml-network.tlog\lib-link.read.1.tlog
c:\users\ben\documents\github\bhsfml\bhsfml\bhsfml\sfml\src\sfml\network\sfml-network.dir\debug\sfml-network.tlog\lib-link.write.1.tlog
c:\users\ben\documents\github\bhsfml\bhsfml\bhsfml\sfml\src\sfml\network\sfml-network.dir\debug\sfml-network.tlog\lib.command.1.tlog
