c:\users\ben\documents\github\bhsfml\bhsfml\bhsfml\sfml\src\sfml\audio\sfml-audio.dir\debug\vc120.pdb
c:\users\ben\documents\github\bhsfml\bhsfml\bhsfml\sfml\src\sfml\audio\sfml-audio.dir\debug\soundstream.obj
c:\users\ben\documents\github\bhsfml\bhsfml\bhsfml\sfml\src\sfml\audio\sfml-audio.dir\debug\soundsource.obj
c:\users\ben\documents\github\bhsfml\bhsfml\bhsfml\sfml\src\sfml\audio\sfml-audio.dir\debug\soundrecorder.obj
c:\users\ben\documents\github\bhsfml\bhsfml\bhsfml\sfml\src\sfml\audio\sfml-audio.dir\debug\soundfile.obj
c:\users\ben\documents\github\bhsfml\bhsfml\bhsfml\sfml\src\sfml\audio\sfml-audio.dir\debug\soundbufferrecorder.obj
c:\users\ben\documents\github\bhsfml\bhsfml\bhsfml\sfml\src\sfml\audio\sfml-audio.dir\debug\soundbuffer.obj
c:\users\ben\documents\github\bhsfml\bhsfml\bhsfml\sfml\src\sfml\audio\sfml-audio.dir\debug\sound.obj
c:\users\ben\documents\github\bhsfml\bhsfml\bhsfml\sfml\src\sfml\audio\sfml-audio.dir\debug\music.obj
c:\users\ben\documents\github\bhsfml\bhsfml\bhsfml\sfml\src\sfml\audio\sfml-audio.dir\debug\listener.obj
c:\users\ben\documents\github\bhsfml\bhsfml\bhsfml\sfml\src\sfml\audio\sfml-audio.dir\debug\audiodevice.obj
c:\users\ben\documents\github\bhsfml\bhsfml\bhsfml\sfml\src\sfml\audio\sfml-audio.dir\debug\alcheck.obj
c:\users\ben\documents\github\bhsfml\bhsfml\bhsfml\sfml\src\sfml\audio\cmakefiles\generate.stamp
c:\users\ben\documents\github\bhsfml\bhsfml\bhsfml\sfml\src\sfml\audio\sfml-audio.dir\debug\sfml-audio.tlog\cl.command.1.tlog
c:\users\ben\documents\github\bhsfml\bhsfml\bhsfml\sfml\src\sfml\audio\sfml-audio.dir\debug\sfml-audio.tlog\cl.read.1.tlog
c:\users\ben\documents\github\bhsfml\bhsfml\bhsfml\sfml\src\sfml\audio\sfml-audio.dir\debug\sfml-audio.tlog\cl.write.1.tlog
c:\users\ben\documents\github\bhsfml\bhsfml\bhsfml\sfml\src\sfml\audio\sfml-audio.dir\debug\sfml-audio.tlog\custombuild.command.1.tlog
c:\users\ben\documents\github\bhsfml\bhsfml\bhsfml\sfml\src\sfml\audio\sfml-audio.dir\debug\sfml-audio.tlog\custombuild.read.1.tlog
c:\users\ben\documents\github\bhsfml\bhsfml\bhsfml\sfml\src\sfml\audio\sfml-audio.dir\debug\sfml-audio.tlog\custombuild.write.1.tlog
c:\users\ben\documents\github\bhsfml\bhsfml\bhsfml\sfml\src\sfml\audio\sfml-audio.dir\debug\sfml-audio.tlog\lib-link.read.1.tlog
c:\users\ben\documents\github\bhsfml\bhsfml\bhsfml\sfml\src\sfml\audio\sfml-audio.dir\debug\sfml-audio.tlog\lib-link.write.1.tlog
c:\users\ben\documents\github\bhsfml\bhsfml\bhsfml\sfml\src\sfml\audio\sfml-audio.dir\debug\sfml-audio.tlog\lib.command.1.tlog
