c:\users\ben\documents\github\bhsfml\bhsfml\bhsfml\sfml\src\sfml\graphics\sfml-graphics.dir\debug\vc120.pdb
c:\users\ben\documents\github\bhsfml\bhsfml\bhsfml\sfml\src\sfml\graphics\sfml-graphics.dir\debug\convexshape.obj
c:\users\ben\documents\github\bhsfml\bhsfml\bhsfml\sfml\src\sfml\graphics\sfml-graphics.dir\debug\rectangleshape.obj
c:\users\ben\documents\github\bhsfml\bhsfml\bhsfml\sfml\src\sfml\graphics\sfml-graphics.dir\debug\circleshape.obj
c:\users\ben\documents\github\bhsfml\bhsfml\bhsfml\sfml\src\sfml\graphics\sfml-graphics.dir\debug\shape.obj
c:\users\ben\documents\github\bhsfml\bhsfml\bhsfml\sfml\src\sfml\graphics\sfml-graphics.dir\debug\vertex.obj
c:\users\ben\documents\github\bhsfml\bhsfml\bhsfml\sfml\src\sfml\graphics\sfml-graphics.dir\debug\view.obj
c:\users\ben\documents\github\bhsfml\bhsfml\bhsfml\sfml\src\sfml\graphics\sfml-graphics.dir\debug\transformable.obj
c:\users\ben\documents\github\bhsfml\bhsfml\bhsfml\sfml\src\sfml\graphics\sfml-graphics.dir\debug\transform.obj
c:\users\ben\documents\github\bhsfml\bhsfml\bhsfml\sfml\src\sfml\graphics\sfml-graphics.dir\debug\texturesaver.obj
c:\users\ben\documents\github\bhsfml\bhsfml\bhsfml\sfml\src\sfml\graphics\sfml-graphics.dir\debug\texture.obj
c:\users\ben\documents\github\bhsfml\bhsfml\bhsfml\sfml\src\sfml\graphics\sfml-graphics.dir\debug\shader.obj
c:\users\ben\documents\github\bhsfml\bhsfml\bhsfml\sfml\src\sfml\graphics\sfml-graphics.dir\debug\renderwindow.obj
c:\users\ben\documents\github\bhsfml\bhsfml\bhsfml\sfml\src\sfml\graphics\sfml-graphics.dir\debug\rendertarget.obj
c:\users\ben\documents\github\bhsfml\bhsfml\bhsfml\sfml\src\sfml\graphics\sfml-graphics.dir\debug\rendertexture.obj
c:\users\ben\documents\github\bhsfml\bhsfml\bhsfml\sfml\src\sfml\graphics\sfml-graphics.dir\debug\renderstates.obj
c:\users\ben\documents\github\bhsfml\bhsfml\bhsfml\sfml\src\sfml\graphics\sfml-graphics.dir\debug\imageloader.obj
c:\users\ben\documents\github\bhsfml\bhsfml\bhsfml\sfml\src\sfml\graphics\sfml-graphics.dir\debug\image.obj
c:\users\ben\documents\github\bhsfml\bhsfml\bhsfml\sfml\src\sfml\graphics\sfml-graphics.dir\debug\glcheck.obj
c:\users\ben\documents\github\bhsfml\bhsfml\bhsfml\sfml\src\sfml\graphics\sfml-graphics.dir\debug\font.obj
c:\users\ben\documents\github\bhsfml\bhsfml\bhsfml\sfml\src\sfml\graphics\sfml-graphics.dir\debug\color.obj
c:\users\ben\documents\github\bhsfml\bhsfml\bhsfml\sfml\src\sfml\graphics\sfml-graphics.dir\debug\rendertextureimpldefault.obj
c:\users\ben\documents\github\bhsfml\bhsfml\bhsfml\sfml\src\sfml\graphics\sfml-graphics.dir\debug\rendertextureimplfbo.obj
c:\users\ben\documents\github\bhsfml\bhsfml\bhsfml\sfml\src\sfml\graphics\sfml-graphics.dir\debug\rendertextureimpl.obj
c:\users\ben\documents\github\bhsfml\bhsfml\bhsfml\sfml\src\sfml\graphics\sfml-graphics.dir\debug\vertexarray.obj
c:\users\ben\documents\github\bhsfml\bhsfml\bhsfml\sfml\src\sfml\graphics\sfml-graphics.dir\debug\text.obj
c:\users\ben\documents\github\bhsfml\bhsfml\bhsfml\sfml\src\sfml\graphics\sfml-graphics.dir\debug\sprite.obj
c:\users\ben\documents\github\bhsfml\bhsfml\bhsfml\sfml\src\sfml\graphics\cmakefiles\generate.stamp
c:\users\ben\documents\github\bhsfml\bhsfml\bhsfml\sfml\src\sfml\graphics\sfml-graphics.dir\debug\sfml-graphics.vcxprojresolveassemblyreference.cache
c:\users\ben\documents\github\bhsfml\bhsfml\bhsfml\sfml\src\sfml\graphics\sfml-graphics.dir\debug\sfml-graphics.tlog\cl.command.1.tlog
c:\users\ben\documents\github\bhsfml\bhsfml\bhsfml\sfml\src\sfml\graphics\sfml-graphics.dir\debug\sfml-graphics.tlog\cl.read.1.tlog
c:\users\ben\documents\github\bhsfml\bhsfml\bhsfml\sfml\src\sfml\graphics\sfml-graphics.dir\debug\sfml-graphics.tlog\cl.write.1.tlog
c:\users\ben\documents\github\bhsfml\bhsfml\bhsfml\sfml\src\sfml\graphics\sfml-graphics.dir\debug\sfml-graphics.tlog\custombuild.command.1.tlog
c:\users\ben\documents\github\bhsfml\bhsfml\bhsfml\sfml\src\sfml\graphics\sfml-graphics.dir\debug\sfml-graphics.tlog\custombuild.read.1.tlog
c:\users\ben\documents\github\bhsfml\bhsfml\bhsfml\sfml\src\sfml\graphics\sfml-graphics.dir\debug\sfml-graphics.tlog\custombuild.write.1.tlog
c:\users\ben\documents\github\bhsfml\bhsfml\bhsfml\sfml\src\sfml\graphics\sfml-graphics.dir\debug\sfml-graphics.tlog\lib-link.read.1.tlog
c:\users\ben\documents\github\bhsfml\bhsfml\bhsfml\sfml\src\sfml\graphics\sfml-graphics.dir\debug\sfml-graphics.tlog\lib-link.write.1.tlog
c:\users\ben\documents\github\bhsfml\bhsfml\bhsfml\sfml\src\sfml\graphics\sfml-graphics.dir\debug\sfml-graphics.tlog\lib.command.1.tlog
