c:\users\ben\documents\github\bhsfml\bhsfml\bhsfml\sfml\src\sfml\system\sfml-system.dir\debug\vc120.pdb
c:\users\ben\documents\github\bhsfml\bhsfml\bhsfml\sfml\src\sfml\system\sfml-system.dir\debug\threadlocalimpl.obj
c:\users\ben\documents\github\bhsfml\bhsfml\bhsfml\sfml\src\sfml\system\sfml-system.dir\debug\threadimpl.obj
c:\users\ben\documents\github\bhsfml\bhsfml\bhsfml\sfml\src\sfml\system\sfml-system.dir\debug\sleepimpl.obj
c:\users\ben\documents\github\bhsfml\bhsfml\bhsfml\sfml\src\sfml\system\sfml-system.dir\debug\muteximpl.obj
c:\users\ben\documents\github\bhsfml\bhsfml\bhsfml\sfml\src\sfml\system\sfml-system.dir\debug\clockimpl.obj
c:\users\ben\documents\github\bhsfml\bhsfml\bhsfml\sfml\src\sfml\system\sfml-system.dir\debug\time.obj
c:\users\ben\documents\github\bhsfml\bhsfml\bhsfml\sfml\src\sfml\system\sfml-system.dir\debug\threadlocal.obj
c:\users\ben\documents\github\bhsfml\bhsfml\bhsfml\sfml\src\sfml\system\sfml-system.dir\debug\thread.obj
c:\users\ben\documents\github\bhsfml\bhsfml\bhsfml\sfml\src\sfml\system\sfml-system.dir\debug\string.obj
c:\users\ben\documents\github\bhsfml\bhsfml\bhsfml\sfml\src\sfml\system\sfml-system.dir\debug\sleep.obj
c:\users\ben\documents\github\bhsfml\bhsfml\bhsfml\sfml\src\sfml\system\sfml-system.dir\debug\mutex.obj
c:\users\ben\documents\github\bhsfml\bhsfml\bhsfml\sfml\src\sfml\system\sfml-system.dir\debug\lock.obj
c:\users\ben\documents\github\bhsfml\bhsfml\bhsfml\sfml\src\sfml\system\sfml-system.dir\debug\err.obj
c:\users\ben\documents\github\bhsfml\bhsfml\bhsfml\sfml\src\sfml\system\sfml-system.dir\debug\clock.obj
c:\users\ben\documents\github\bhsfml\bhsfml\bhsfml\sfml\src\sfml\system\cmakefiles\generate.stamp
c:\users\ben\documents\github\bhsfml\bhsfml\bhsfml\sfml\lib\debug\sfml-system-s-d.lib
c:\users\ben\documents\github\bhsfml\bhsfml\bhsfml\sfml\src\sfml\system\sfml-system.dir\debug\sfml-system.tlog\cl.command.1.tlog
c:\users\ben\documents\github\bhsfml\bhsfml\bhsfml\sfml\src\sfml\system\sfml-system.dir\debug\sfml-system.tlog\cl.read.1.tlog
c:\users\ben\documents\github\bhsfml\bhsfml\bhsfml\sfml\src\sfml\system\sfml-system.dir\debug\sfml-system.tlog\cl.write.1.tlog
c:\users\ben\documents\github\bhsfml\bhsfml\bhsfml\sfml\src\sfml\system\sfml-system.dir\debug\sfml-system.tlog\custombuild.command.1.tlog
c:\users\ben\documents\github\bhsfml\bhsfml\bhsfml\sfml\src\sfml\system\sfml-system.dir\debug\sfml-system.tlog\custombuild.read.1.tlog
c:\users\ben\documents\github\bhsfml\bhsfml\bhsfml\sfml\src\sfml\system\sfml-system.dir\debug\sfml-system.tlog\custombuild.write.1.tlog
c:\users\ben\documents\github\bhsfml\bhsfml\bhsfml\sfml\src\sfml\system\sfml-system.dir\debug\sfml-system.tlog\lib-link.read.1.tlog
c:\users\ben\documents\github\bhsfml\bhsfml\bhsfml\sfml\src\sfml\system\sfml-system.dir\debug\sfml-system.tlog\lib-link.write.1.tlog
c:\users\ben\documents\github\bhsfml\bhsfml\bhsfml\sfml\src\sfml\system\sfml-system.dir\debug\sfml-system.tlog\lib.command.1.tlog
